\BOOKMARK [0][-]{section*.1}{University of Houston HASP 2019 Application}{}% 1
\BOOKMARK [1][-]{section*.2}{Contents}{section*.1}% 2
\BOOKMARK [1][-]{section*.3}{Mission Statement and Objectives}{section*.1}% 3
\BOOKMARK [2][-]{section*.4}{Hypothesis and Objectives}{section*.3}% 4
\BOOKMARK [1][-]{section*.5}{Background}{section*.1}% 5
\BOOKMARK [2][-]{section*.6}{Astrobiology}{section*.5}% 6
\BOOKMARK [2][-]{section*.7}{Radiation}{section*.5}% 7
\BOOKMARK [1][-]{section*.8}{Payload Systems and Operation}{section*.1}% 8
\BOOKMARK [2][-]{section*.9}{Astrobiology System}{section*.8}% 9
\BOOKMARK [2][-]{section*.13}{Radiation Monitoring System}{section*.8}% 10
\BOOKMARK [1][-]{section*.18}{HASP Interface}{section*.1}% 11
\BOOKMARK [2][-]{section*.19}{Interfacing with HASP: Serial Uplink and Downlink}{section*.18}% 12
\BOOKMARK [2][-]{section*.20}{Interfacing with HASP: EDAC and DB9 Connections}{section*.18}% 13
\BOOKMARK [2][-]{section*.21}{Interfacing with HASP: Serial Downkink}{section*.18}% 14
\BOOKMARK [1][-]{section*.22}{Thermal Control Plan}{section*.1}% 15
\BOOKMARK [1][-]{section*.23}{Power and Weight Budget}{section*.1}% 16
\BOOKMARK [1][-]{section*.24}{Procedures}{section*.1}% 17
\BOOKMARK [2][-]{section*.25}{Decontamination}{section*.24}% 18
\BOOKMARK [2][-]{section*.29}{Testing}{section*.24}% 19
\BOOKMARK [2][-]{section*.31}{Integration Procedures}{section*.24}% 20
\BOOKMARK [2][-]{section*.35}{Flight Operations}{section*.24}% 21
\BOOKMARK [2][-]{section*.36}{Post-Flight Operations}{section*.24}% 22
\BOOKMARK [1][-]{section*.37}{In-Flight Failure Contingency Plan}{section*.1}% 23
\BOOKMARK [1][-]{section*.38}{Project Management}{section*.1}% 24
\BOOKMARK [2][-]{section*.39}{Team Structure}{section*.38}% 25
\BOOKMARK [2][-]{section*.40}{Roles and Responsibilities}{section*.38}% 26
\BOOKMARK [2][-]{section*.41}{Timeline}{section*.38}% 27
\BOOKMARK [2][-]{section*.42}{Funding}{section*.38}% 28
\BOOKMARK [1][-]{section*.43}{Appendix A}{section*.1}% 29
\BOOKMARK [2][-]{section*.44}{Payload Dimensions}{section*.43}% 30
\BOOKMARK [2][-]{section*.45}{Flight Computer and Electronic Diagrams}{section*.43}% 31
\BOOKMARK [2][-]{section*.46}{Integration and Flight Information}{section*.43}% 32
\BOOKMARK [1][-]{section*.47}{References}{section*.1}% 33
